2015-08-09 23:35:20 - PHP Notice:  Undefined variable: order in /Applications/MAMP/htdocs/mada/admin/view/template/common/dashboard.tpl on line 20
2015-08-09 23:35:20 - PHP Notice:  Undefined variable: sale in /Applications/MAMP/htdocs/mada/admin/view/template/common/dashboard.tpl on line 21
2015-08-09 23:35:20 - PHP Notice:  Undefined variable: customer in /Applications/MAMP/htdocs/mada/admin/view/template/common/dashboard.tpl on line 22
2015-08-09 23:35:20 - PHP Notice:  Undefined variable: online in /Applications/MAMP/htdocs/mada/admin/view/template/common/dashboard.tpl on line 23
2015-08-09 23:38:50 - PHP Notice:  Error: Could not load model /Applications/MAMP/htdocs/mada/admin/model/setting/store.php! in /Applications/MAMP/htdocs/mada/system/engine/loader.php on line 24
2015-08-09 23:41:17 - PHP Notice:  Undefined variable: entry_store in /Applications/MAMP/htdocs/mada/admin/view/template/marketing/contact.tpl on line 24
2015-08-09 23:41:17 - PHP Notice:  Undefined variable: stores in /Applications/MAMP/htdocs/mada/admin/view/template/marketing/contact.tpl on line 28
2015-08-09 23:41:17 - PHP Warning:  Invalid argument supplied for foreach() in /Applications/MAMP/htdocs/mada/admin/view/template/marketing/contact.tpl on line 28
2015-08-09 23:41:17 - PHP Notice:  Undefined variable: text_customer_all in /Applications/MAMP/htdocs/mada/admin/view/template/marketing/contact.tpl on line 39
2015-08-09 23:41:17 - PHP Notice:  Undefined variable: text_customer_group in /Applications/MAMP/htdocs/mada/admin/view/template/marketing/contact.tpl on line 40
2015-08-09 23:41:17 - PHP Notice:  Undefined variable: text_customer in /Applications/MAMP/htdocs/mada/admin/view/template/marketing/contact.tpl on line 41
2015-08-09 23:41:17 - PHP Notice:  Undefined variable: text_affiliate_all in /Applications/MAMP/htdocs/mada/admin/view/template/marketing/contact.tpl on line 42
2015-08-09 23:41:17 - PHP Notice:  Undefined variable: text_affiliate in /Applications/MAMP/htdocs/mada/admin/view/template/marketing/contact.tpl on line 43
2015-08-09 23:41:17 - PHP Notice:  Undefined variable: text_product in /Applications/MAMP/htdocs/mada/admin/view/template/marketing/contact.tpl on line 44
2015-08-09 23:41:17 - PHP Notice:  Undefined variable: entry_customer_group in /Applications/MAMP/htdocs/mada/admin/view/template/marketing/contact.tpl on line 49
2015-08-09 23:41:17 - PHP Notice:  Undefined variable: customer_groups in /Applications/MAMP/htdocs/mada/admin/view/template/marketing/contact.tpl on line 52
2015-08-09 23:41:17 - PHP Warning:  Invalid argument supplied for foreach() in /Applications/MAMP/htdocs/mada/admin/view/template/marketing/contact.tpl on line 52
2015-08-09 23:41:17 - PHP Notice:  Undefined variable: help_customer in /Applications/MAMP/htdocs/mada/admin/view/template/marketing/contact.tpl on line 59
2015-08-09 23:41:17 - PHP Notice:  Undefined variable: entry_customer in /Applications/MAMP/htdocs/mada/admin/view/template/marketing/contact.tpl on line 59
2015-08-09 23:41:17 - PHP Notice:  Undefined variable: entry_customer in /Applications/MAMP/htdocs/mada/admin/view/template/marketing/contact.tpl on line 61
2015-08-09 23:41:17 - PHP Notice:  Undefined variable: help_affiliate in /Applications/MAMP/htdocs/mada/admin/view/template/marketing/contact.tpl on line 66
2015-08-09 23:41:17 - PHP Notice:  Undefined variable: entry_affiliate in /Applications/MAMP/htdocs/mada/admin/view/template/marketing/contact.tpl on line 66
2015-08-09 23:41:17 - PHP Notice:  Undefined variable: entry_affiliate in /Applications/MAMP/htdocs/mada/admin/view/template/marketing/contact.tpl on line 68
2015-08-09 23:41:17 - PHP Notice:  Undefined variable: help_product in /Applications/MAMP/htdocs/mada/admin/view/template/marketing/contact.tpl on line 73
2015-08-09 23:41:17 - PHP Notice:  Undefined variable: entry_product in /Applications/MAMP/htdocs/mada/admin/view/template/marketing/contact.tpl on line 73
2015-08-09 23:41:17 - PHP Notice:  Undefined variable: entry_product in /Applications/MAMP/htdocs/mada/admin/view/template/marketing/contact.tpl on line 75
2015-08-09 23:44:27 - PHP Notice:  Use of undefined constant HTTP_CATALOG - assumed 'HTTP_CATALOG' in /Applications/MAMP/htdocs/mada/admin/controller/feed/google_sitemap.php on line 67
2015-08-09 23:45:32 - PHP Notice:  Use of undefined constant HTTP_CATALOG - assumed 'HTTP_CATALOG' in /Applications/MAMP/htdocs/mada/admin/controller/feed/google_sitemap.php on line 67
2015-08-09 23:46:53 - PHP Notice:  Undefined variable: code in /Applications/MAMP/htdocs/mada/admin/view/template/module/google_hangouts.tpl on line 31
2015-08-09 23:46:53 - PHP Notice:  Undefined variable: status in /Applications/MAMP/htdocs/mada/admin/view/template/module/google_hangouts.tpl on line 41
2015-08-13 16:49:29 - PHP Notice:  Undefined index: icon in /Applications/MAMP/htdocs/mada/front/controller/common/header.php on line 74
2015-08-13 16:49:29 - PHP Notice:  Undefined index: icon in /Applications/MAMP/htdocs/mada/front/controller/common/header.php on line 74
2015-08-13 16:49:36 - PHP Notice:  Undefined index: icon in /Applications/MAMP/htdocs/mada/front/controller/common/home.php on line 72
2015-08-13 16:49:36 - PHP Notice:  Undefined index: icon in /Applications/MAMP/htdocs/mada/front/controller/common/home.php on line 72
2015-08-13 16:49:36 - PHP Notice:  Undefined index: icon in /Applications/MAMP/htdocs/mada/front/controller/common/header.php on line 74
2015-08-13 16:49:36 - PHP Notice:  Undefined index: icon in /Applications/MAMP/htdocs/mada/front/controller/common/header.php on line 74
